['NFI-00101001.png', 'NFI-00103001.png', 'NFI-00105001.png', 'NFI-00104001.png', 'NFI-00102001.png']
['NFI-00301001.png', 'NFI-00302001.png', 'NFI-00303001.png', 'NFI-00304001.png', 'NFI-00305001.png']
Epoch 1/10
10/10 [==============================] - 1s 82ms/step - loss: 0.9864 - acc: 0.6000
Epoch 2/10
10/10 [==============================] - 0s 3ms/step - loss: 2.5764 - acc: 0.7000
Epoch 3/10
10/10 [==============================] - 0s 3ms/step - loss: 8.7811 - acc: 0.4000
Epoch 4/10
10/10 [==============================] - 0s 3ms/step - loss: 4.0431 - acc: 0.6000
Epoch 5/10
10/10 [==============================] - 0s 3ms/step - loss: 0.4818 - acc: 0.7000
Epoch 6/10
10/10 [==============================] - 0s 3ms/step - loss: 4.5785 - acc: 0.5000
Epoch 7/10
10/10 [==============================] - 0s 3ms/step - loss: 0.3722 - acc: 1.0000
Epoch 8/10
10/10 [==============================] - 0s 3ms/step - loss: 0.2266 - acc: 1.0000
Epoch 9/10
10/10 [==============================] - 0s 3ms/step - loss: 0.3200 - acc: 0.8000
Epoch 10/10
10/10 [==============================] - 0s 3ms/step - loss: 0.2355 - acc: 0.9000
10/10 [==============================] - 0s 21ms/step
('Testing Loss:', 0.1414439082145691)
('Testing Accuracy:', 1.0)
['NFI-00201002.png', 'NFI-00203002.png', 'NFI-00202002.png', 'NFI-00205002.png', 'NFI-00204002.png']
['NFI-00301002.png', 'NFI-00302002.png', 'NFI-00303002.png', 'NFI-00304002.png', 'NFI-00305002.png']
Epoch 1/10
10/10 [==============================] - 1s 86ms/step - loss: 1.0035 - acc: 0.6000
Epoch 2/10
10/10 [==============================] - 0s 3ms/step - loss: 1.6682 - acc: 0.7000
Epoch 3/10
10/10 [==============================] - 0s 3ms/step - loss: 2.9855 - acc: 0.5000
Epoch 4/10
10/10 [==============================] - 0s 3ms/step - loss: 2.4316 - acc: 0.5000
Epoch 5/10
10/10 [==============================] - 0s 3ms/step - loss: 0.6220 - acc: 0.7000
Epoch 6/10
10/10 [==============================] - 0s 3ms/step - loss: 0.1757 - acc: 1.0000
Epoch 7/10
10/10 [==============================] - 0s 3ms/step - loss: 0.0556 - acc: 1.0000
Epoch 8/10
10/10 [==============================] - 0s 3ms/step - loss: 0.0725 - acc: 1.0000
Epoch 9/10
10/10 [==============================] - 0s 3ms/step - loss: 0.1567 - acc: 0.9000
Epoch 10/10
10/10 [==============================] - 0s 3ms/step - loss: 0.0724 - acc: 1.0000
10/10 [==============================] - 0s 30ms/step
('Testing Loss:', 0.0243139136582613)
('Testing Accuracy:', 1.0)
['NFI-00301003.png', 'NFI-00302003.png', 'NFI-00303003.png', 'NFI-00304003.png', 'NFI-00305003.png']
['NFI-00401003.png', 'NFI-00402003.png', 'NFI-00403003.png', 'NFI-00404003.png', 'NFI-00405003.png']
Epoch 1/10
10/10 [==============================] - 1s 93ms/step - loss: 1.3021 - acc: 0.3000
Epoch 2/10
10/10 [==============================] - 0s 3ms/step - loss: 5.5627 - acc: 0.3000
Epoch 3/10
10/10 [==============================] - 0s 3ms/step - loss: 5.3759 - acc: 0.5000
Epoch 4/10
10/10 [==============================] - 0s 3ms/step - loss: 5.1768 - acc: 0.5000
Epoch 5/10
10/10 [==============================] - 0s 3ms/step - loss: 0.6444 - acc: 0.8000
Epoch 6/10
10/10 [==============================] - 0s 3ms/step - loss: 1.1793 - acc: 0.6000
Epoch 7/10
10/10 [==============================] - 0s 3ms/step - loss: 0.9139 - acc: 0.5000
Epoch 8/10
10/10 [==============================] - 0s 3ms/step - loss: 1.1002 - acc: 0.5000
Epoch 9/10
10/10 [==============================] - 0s 3ms/step - loss: 1.3825 - acc: 0.5000
Epoch 10/10
10/10 [==============================] - 0s 3ms/step - loss: 1.2806 - acc: 0.6000
10/10 [==============================] - 0s 30ms/step
('Testing Loss:', 0.5941678881645203)
('Testing Accuracy:', 0.5)
['NFI-00402004.png', 'NFI-00403004.png', 'NFI-00401004.png', 'NFI-00404004.png', 'NFI-00405004.png']
['NFI-08802004.png', 'NFI-08805004.png', 'NFI-08801004.png', 'NFI-08803004.png', 'NFI-08804004.png']
Epoch 1/10
10/10 [==============================] - 1s 97ms/step - loss: 1.2494 - acc: 0.3000
Epoch 2/10
10/10 [==============================] - 0s 3ms/step - loss: 5.6561 - acc: 0.4000
Epoch 3/10
10/10 [==============================] - 0s 3ms/step - loss: 5.4622 - acc: 0.5000
Epoch 4/10
10/10 [==============================] - 0s 3ms/step - loss: 3.2324 - acc: 0.3000
Epoch 5/10
10/10 [==============================] - 0s 3ms/step - loss: 0.6369 - acc: 0.8000
Epoch 6/10
10/10 [==============================] - 0s 3ms/step - loss: 0.8726 - acc: 0.7000
Epoch 7/10
10/10 [==============================] - 0s 3ms/step - loss: 0.4857 - acc: 0.7000
Epoch 8/10
10/10 [==============================] - 0s 3ms/step - loss: 1.5994 - acc: 0.5000
Epoch 9/10
10/10 [==============================] - 0s 3ms/step - loss: 0.5108 - acc: 0.8000
Epoch 10/10
10/10 [==============================] - 0s 3ms/step - loss: 0.2386 - acc: 1.0000
10/10 [==============================] - 0s 31ms/step
('Testing Loss:', 0.0967286080121994)
('Testing Accuracy:', 1.0)
['NFI-00501005.png', 'NFI-00502005.png', 'NFI-00503005.png', 'NFI-00504005.png', 'NFI-00505005.png']
['NFI-00301005.png', 'NFI-00302005.png', 'NFI-00303005.png', 'NFI-00305005.png', 'NFI-00304005.png']
Epoch 1/10
10/10 [==============================] - 1s 109ms/step - loss: 1.8584 - acc: 0.5000
Epoch 2/10
10/10 [==============================] - 0s 3ms/step - loss: 8.0590 - acc: 0.5000
Epoch 3/10
10/10 [==============================] - 0s 3ms/step - loss: 8.0590 - acc: 0.5000
Epoch 4/10
10/10 [==============================] - 0s 3ms/step - loss: 8.0590 - acc: 0.5000
Epoch 5/10
10/10 [==============================] - 0s 3ms/step - loss: 8.0590 - acc: 0.5000
Epoch 6/10
10/10 [==============================] - 0s 2ms/step - loss: 8.0590 - acc: 0.5000
Epoch 7/10
10/10 [==============================] - 0s 3ms/step - loss: 8.0590 - acc: 0.5000
Epoch 8/10
10/10 [==============================] - 0s 3ms/step - loss: 8.0590 - acc: 0.5000
Epoch 9/10
10/10 [==============================] - 0s 3ms/step - loss: 8.0590 - acc: 0.5000
Epoch 10/10
10/10 [==============================] - 0s 3ms/step - loss: 8.8667 - acc: 0.4000
10/10 [==============================] - 0s 32ms/step
('Testing Loss:', 8.05904769897461)
('Testing Accuracy:', 0.5)
['NFI-00604006.png', 'NFI-00601006.png', 'NFI-00602006.png', 'NFI-00605006.png', 'NFI-00603006.png']
['NFI-03302006.png', 'NFI-03301006.png', 'NFI-03303006.png', 'NFI-03304006.png', 'NFI-03305006.png']
Epoch 1/10
10/10 [==============================] - 1s 118ms/step - loss: 1.2745 - acc: 0.5000
Epoch 2/10
10/10 [==============================] - 0s 3ms/step - loss: 4.1824 - acc: 0.6000
Epoch 3/10
10/10 [==============================] - 0s 3ms/step - loss: 3.8046 - acc: 0.4000
Epoch 4/10
10/10 [==============================] - 0s 3ms/step - loss: 1.6045 - acc: 0.4000
Epoch 5/10
10/10 [==============================] - 0s 3ms/step - loss: 1.9220 - acc: 0.5000
Epoch 6/10
10/10 [==============================] - 0s 3ms/step - loss: 0.8973 - acc: 0.6000
Epoch 7/10
10/10 [==============================] - 0s 3ms/step - loss: 0.7005 - acc: 0.7000
Epoch 8/10
10/10 [==============================] - 0s 3ms/step - loss: 0.8289 - acc: 0.5000
Epoch 9/10
10/10 [==============================] - 0s 3ms/step - loss: 0.8756 - acc: 0.2000
Epoch 10/10
10/10 [==============================] - 0s 2ms/step - loss: 0.9131 - acc: 0.4000
10/10 [==============================] - 0s 39ms/step
('Testing Loss:', 0.7252523899078369)
('Testing Accuracy:', 0.5)
['NFI-00702007.png', 'NFI-00701007.png', 'NFI-00703007.png', 'NFI-00704007.png', 'NFI-00705007.png']
['NFI-00401007.png', 'NFI-00403007.png', 'NFI-00402007.png', 'NFI-00405007.png', 'NFI-00404007.png']
Epoch 1/10
10/10 [==============================] - 1s 121ms/step - loss: 1.0598 - acc: 0.4000
Epoch 2/10
10/10 [==============================] - 0s 3ms/step - loss: 3.0657 - acc: 0.4000
Epoch 3/10
10/10 [==============================] - 0s 3ms/step - loss: 3.1567 - acc: 0.4000
Epoch 4/10
10/10 [==============================] - 0s 3ms/step - loss: 2.2101 - acc: 0.7000
Epoch 5/10
10/10 [==============================] - 0s 3ms/step - loss: 2.0890 - acc: 0.4000
Epoch 6/10
10/10 [==============================] - 0s 2ms/step - loss: 0.5646 - acc: 0.9000
Epoch 7/10
10/10 [==============================] - 0s 3ms/step - loss: 0.2432 - acc: 0.9000
Epoch 8/10
10/10 [==============================] - 0s 2ms/step - loss: 0.0867 - acc: 1.0000
Epoch 9/10
10/10 [==============================] - 0s 3ms/step - loss: 0.3896 - acc: 0.9000
Epoch 10/10
10/10 [==============================] - 0s 3ms/step - loss: 0.1610 - acc: 1.0000
10/10 [==============================] - 0s 42ms/step
('Testing Loss:', 0.01353754848241806)
('Testing Accuracy:', 1.0)
['NFI-00804008.png', 'NFI-00802008.png', 'NFI-00801008.png', 'NFI-00803008.png', 'NFI-00805008.png']
['NFI-02301008.png', 'NFI-02303008.png', 'NFI-02304008.png', 'NFI-02306008.png', 'NFI-02305008.png']
Epoch 1/10
10/10 [==============================] - 1s 130ms/step - loss: 1.4855 - acc: 0.2000
Epoch 2/10
10/10 [==============================] - 0s 3ms/step - loss: 4.2850 - acc: 0.3000
Epoch 3/10
10/10 [==============================] - 0s 3ms/step - loss: 6.2203 - acc: 0.5000
Epoch 4/10
10/10 [==============================] - 0s 3ms/step - loss: 0.5765 - acc: 0.8000
Epoch 5/10
10/10 [==============================] - 0s 3ms/step - loss: 0.4621 - acc: 0.7000
Epoch 6/10
10/10 [==============================] - 0s 3ms/step - loss: 0.3198 - acc: 0.9000
Epoch 7/10
10/10 [==============================] - 0s 3ms/step - loss: 0.2413 - acc: 0.9000
Epoch 8/10
10/10 [==============================] - 0s 3ms/step - loss: 0.1861 - acc: 1.0000
Epoch 9/10
10/10 [==============================] - 0s 3ms/step - loss: 0.2467 - acc: 1.0000
Epoch 10/10
10/10 [==============================] - 0s 3ms/step - loss: 0.1689 - acc: 0.9000
10/10 [==============================] - 0s 44ms/step
('Testing Loss:', 0.03385680913925171)
('Testing Accuracy:', 1.0)
['NFI-00902009.png', 'NFI-00901009.png', 'NFI-00903009.png', 'NFI-00905009.png', 'NFI-00904009.png']
['NFI-00301009.png', 'NFI-00302009.png', 'NFI-00303009.png', 'NFI-00304009.png', 'NFI-00305009.png', 'NFI-02505009.png']
Epoch 1/10
11/11 [==============================] - 1s 136ms/step - loss: 0.9921 - acc: 0.5455
Epoch 2/10
11/11 [==============================] - 0s 3ms/step - loss: 4.0098 - acc: 0.5455
Epoch 3/10
11/11 [==============================] - 0s 2ms/step - loss: 3.9600 - acc: 0.5455
Epoch 4/10
11/11 [==============================] - 0s 3ms/step - loss: 0.9493 - acc: 0.3636
Epoch 5/10
11/11 [==============================] - 0s 2ms/step - loss: 0.8551 - acc: 0.5455
Epoch 6/10
11/11 [==============================] - 0s 2ms/step - loss: 0.7286 - acc: 0.5455
Epoch 7/10
11/11 [==============================] - 0s 2ms/step - loss: 0.7512 - acc: 0.4545
Epoch 8/10
11/11 [==============================] - 0s 3ms/step - loss: 0.7128 - acc: 0.6364
Epoch 9/10
11/11 [==============================] - 0s 2ms/step - loss: 0.6790 - acc: 0.5455
Epoch 10/10
11/11 [==============================] - 0s 2ms/step - loss: 0.6291 - acc: 0.6364
11/11 [==============================] - 0s 43ms/step
('Testing Loss:', 0.5928232669830322)
('Testing Accuracy:', 0.5454545617103577)
['NFI-01001010.png', 'NFI-01002010.png', 'NFI-01003010.png', 'NFI-01004010.png', 'NFI-01005010.png']
['NFI-02502010.png', 'NFI-02504010.png', 'NFI-02501010.png', 'NFI-02503010.png']
Epoch 1/10
9/9 [==============================] - 2s 188ms/step - loss: 0.8288 - acc: 0.3333
Epoch 2/10
9/9 [==============================] - 0s 3ms/step - loss: 6.5558 - acc: 0.4444
Epoch 3/10
9/9 [==============================] - 0s 3ms/step - loss: 3.7008 - acc: 0.6667
Epoch 4/10
9/9 [==============================] - 0s 3ms/step - loss: 4.8854 - acc: 0.4444
Epoch 5/10
9/9 [==============================] - 0s 3ms/step - loss: 3.1897 - acc: 0.5556
Epoch 6/10
9/9 [==============================] - 0s 3ms/step - loss: 1.0648 - acc: 0.6667
Epoch 7/10
9/9 [==============================] - 0s 3ms/step - loss: 0.8553 - acc: 0.5556
Epoch 8/10
9/9 [==============================] - 0s 3ms/step - loss: 1.7538 - acc: 0.3333
Epoch 9/10
9/9 [==============================] - 0s 3ms/step - loss: 0.7742 - acc: 0.7778
Epoch 10/10
9/9 [==============================] - 0s 3ms/step - loss: 1.4710 - acc: 0.5556
9/9 [==============================] - 1s 61ms/step
('Testing Loss:', 1.3330100774765015)
('Testing Accuracy:', 0.4444444477558136)
['NFI-01103011.png', 'NFI-01104011.png', 'NFI-01105011.png', 'NFI-01101011.png', 'NFI-01102011.png']
['NFI-00701011.png', 'NFI-00702011.png', 'NFI-00703011.png', 'NFI-00704011.png', 'NFI-00705011.png']
Epoch 1/10
10/10 [==============================] - 2s 152ms/step - loss: 1.1811 - acc: 0.3000
Epoch 2/10
10/10 [==============================] - 0s 3ms/step - loss: 1.8618 - acc: 0.6000
Epoch 3/10
10/10 [==============================] - 0s 3ms/step - loss: 1.2616 - acc: 0.5000
Epoch 4/10
10/10 [==============================] - 0s 3ms/step - loss: 0.9816 - acc: 0.7000
Epoch 5/10
10/10 [==============================] - 0s 3ms/step - loss: 0.7565 - acc: 0.4000
Epoch 6/10
10/10 [==============================] - 0s 3ms/step - loss: 0.7863 - acc: 0.6000
Epoch 7/10
10/10 [==============================] - 0s 2ms/step - loss: 0.5152 - acc: 0.9000
Epoch 8/10
10/10 [==============================] - 0s 3ms/step - loss: 0.6790 - acc: 0.5000
Epoch 9/10
10/10 [==============================] - 0s 3ms/step - loss: 0.4763 - acc: 0.9000
Epoch 10/10
10/10 [==============================] - 0s 3ms/step - loss: 0.2529 - acc: 0.9000
10/10 [==============================] - 1s 55ms/step
('Testing Loss:', 0.3962973654270172)
('Testing Accuracy:', 0.699999988079071)
['NFI-01201012.png', 'NFI-01202012.png', 'NFI-01203012.png', 'NFI-01204012.png', 'NFI-01205012.png']
['NFI-01102012.png', 'NFI-01101012.png', 'NFI-01103012.png', 'NFI-01104012.png', 'NFI-01105012.png']
Epoch 1/10
10/10 [==============================] - 2s 166ms/step - loss: 1.1521 - acc: 0.2000
Epoch 2/10
10/10 [==============================] - 0s 3ms/step - loss: 2.4997 - acc: 0.4000
Epoch 3/10
10/10 [==============================] - 0s 3ms/step - loss: 3.2561 - acc: 0.5000
Epoch 4/10
10/10 [==============================] - 0s 3ms/step - loss: 1.0057 - acc: 0.3000
Epoch 5/10
10/10 [==============================] - 0s 3ms/step - loss: 1.2184 - acc: 0.5000
Epoch 6/10
10/10 [==============================] - 0s 3ms/step - loss: 0.9062 - acc: 0.5000
Epoch 7/10
10/10 [==============================] - 0s 3ms/step - loss: 0.6244 - acc: 0.7000
Epoch 8/10
10/10 [==============================] - 0s 2ms/step - loss: 0.6830 - acc: 0.8000
Epoch 9/10
10/10 [==============================] - 0s 3ms/step - loss: 0.4991 - acc: 0.9000
Epoch 10/10
10/10 [==============================] - 0s 3ms/step - loss: 0.6063 - acc: 0.7000
10/10 [==============================] - 1s 59ms/step
('Testing Loss:', 0.47049611806869507)
('Testing Accuracy:', 1.0)
['NFI-01302013.png', 'NFI-01301013.png', 'NFI-01304013.png', 'NFI-01305013.png', 'NFI-01303013.png']
['NFI-00402013.png', 'NFI-00403013.png', 'NFI-00401013.png', 'NFI-00405013.png', 'NFI-00404013.png']
Epoch 1/10
10/10 [==============================] - 2s 172ms/step - loss: 1.0418 - acc: 0.5000
Epoch 2/10
10/10 [==============================] - 0s 3ms/step - loss: 5.2146 - acc: 0.3000
Epoch 3/10
10/10 [==============================] - 0s 3ms/step - loss: 3.2113 - acc: 0.5000
Epoch 4/10
10/10 [==============================] - 0s 2ms/step - loss: 1.1022 - acc: 0.5000
Epoch 5/10
10/10 [==============================] - 0s 3ms/step - loss: 0.6103 - acc: 0.5000
Epoch 6/10
10/10 [==============================] - 0s 2ms/step - loss: 0.4055 - acc: 0.9000
Epoch 7/10
10/10 [==============================] - 0s 2ms/step - loss: 0.3188 - acc: 0.8000
Epoch 8/10
10/10 [==============================] - 0s 3ms/step - loss: 0.2456 - acc: 1.0000
Epoch 9/10
10/10 [==============================] - 0s 3ms/step - loss: 0.4937 - acc: 0.8000
Epoch 10/10
10/10 [==============================] - 0s 3ms/step - loss: 0.1480 - acc: 1.0000
10/10 [==============================] - 1s 65ms/step
('Testing Loss:', 0.06739427149295807)
('Testing Accuracy:', 1.0)
['NFI-01402014.png', 'NFI-01403014.png', 'NFI-01401014.png', 'NFI-01404014.png', 'NFI-01405014.png']
['NFI-00101014.png', 'NFI-00102014.png', 'NFI-00103014.png', 'NFI-00104014.png', 'NFI-00105014.png']
Epoch 1/10
10/10 [==============================] - 2s 177ms/step - loss: 1.3847 - acc: 0.1000
Epoch 2/10
10/10 [==============================] - 0s 3ms/step - loss: 2.7864 - acc: 0.6000
Epoch 3/10
10/10 [==============================] - 0s 3ms/step - loss: 7.6904 - acc: 0.5000
Epoch 4/10
10/10 [==============================] - 0s 3ms/step - loss: 6.5812 - acc: 0.4000
Epoch 5/10
10/10 [==============================] - 0s 2ms/step - loss: 3.9000 - acc: 0.1000
Epoch 6/10
10/10 [==============================] - 0s 3ms/step - loss: 1.1179 - acc: 0.4000
Epoch 7/10
10/10 [==============================] - 0s 3ms/step - loss: 0.9312 - acc: 0.3000
Epoch 8/10
10/10 [==============================] - 0s 3ms/step - loss: 0.9215 - acc: 0.5000
Epoch 9/10
10/10 [==============================] - 0s 3ms/step - loss: 0.7674 - acc: 0.6000
Epoch 10/10
10/10 [==============================] - 0s 3ms/step - loss: 0.7456 - acc: 0.4000
10/10 [==============================] - 1s 65ms/step
('Testing Loss:', 0.6275531053543091)
('Testing Accuracy:', 0.5)
['NFI-01504015.png', 'NFI-01502015.png', 'NFI-01505015.png', 'NFI-01503015.png', 'NFI-01501015.png']
['NFI-00502015.png', 'NFI-00501015.png', 'NFI-00503015.png', 'NFI-00504015.png', 'NFI-00505015.png']
Epoch 1/10
10/10 [==============================] - 2s 196ms/step - loss: 0.9954 - acc: 0.4000
Epoch 2/10
10/10 [==============================] - 0s 3ms/step - loss: 4.5312 - acc: 0.6000
Epoch 3/10
10/10 [==============================] - 0s 3ms/step - loss: 7.9243 - acc: 0.5000
Epoch 4/10
10/10 [==============================] - 0s 3ms/step - loss: 3.9669 - acc: 0.7000
Epoch 5/10
10/10 [==============================] - 0s 3ms/step - loss: 4.0700 - acc: 0.5000
Epoch 6/10
10/10 [==============================] - 0s 3ms/step - loss: 0.3220 - acc: 0.8000
Epoch 7/10
10/10 [==============================] - 0s 3ms/step - loss: 1.5151 - acc: 0.5000
Epoch 8/10
10/10 [==============================] - 0s 3ms/step - loss: 0.6338 - acc: 0.6000
Epoch 9/10
10/10 [==============================] - 0s 3ms/step - loss: 0.4062 - acc: 0.9000
Epoch 10/10
10/10 [==============================] - 0s 3ms/step - loss: 0.4677 - acc: 0.7000
10/10 [==============================] - 1s 70ms/step
('Testing Loss:', 0.864758312702179)
('Testing Accuracy:', 0.5)
['NFI-01605016.png', 'NFI-01601016.png', 'NFI-01602016.png', 'NFI-01603016.png', 'NFI-01604016.png']
['NFI-01101016.png', 'NFI-01102016.png', 'NFI-01103016.png', 'NFI-01104016.png', 'NFI-01105016.png']
Epoch 1/10
10/10 [==============================] - 2s 197ms/step - loss: 1.1162 - acc: 0.3000
Epoch 2/10
10/10 [==============================] - 0s 3ms/step - loss: 4.5528 - acc: 0.5000
Epoch 3/10
10/10 [==============================] - 0s 3ms/step - loss: 2.0128 - acc: 0.5000
Epoch 4/10
10/10 [==============================] - 0s 3ms/step - loss: 5.5635 - acc: 0.2000
Epoch 5/10
10/10 [==============================] - 0s 3ms/step - loss: 0.6934 - acc: 0.6000
Epoch 6/10
10/10 [==============================] - 0s 3ms/step - loss: 0.7289 - acc: 0.5000
Epoch 7/10
10/10 [==============================] - 0s 3ms/step - loss: 1.0651 - acc: 0.4000
Epoch 8/10
10/10 [==============================] - 0s 3ms/step - loss: 0.9496 - acc: 0.4000
Epoch 9/10
10/10 [==============================] - 0s 3ms/step - loss: 1.2023 - acc: 0.4000
Epoch 10/10
10/10 [==============================] - 0s 3ms/step - loss: 0.6665 - acc: 0.7000
10/10 [==============================] - 1s 77ms/step
('Testing Loss:', 0.6630308032035828)
('Testing Accuracy:', 0.5)
['NFI-01701017.png', 'NFI-01703017.png', 'NFI-01702017.png', 'NFI-01704017.png', 'NFI-01705017.png']
['NFI-01301017.png', 'NFI-01304017.png', 'NFI-01302017.png', 'NFI-01303017.png', 'NFI-01305017.png']
Epoch 1/10
10/10 [==============================] - 2s 205ms/step - loss: 1.2997 - acc: 0.1000
Epoch 2/10
10/10 [==============================] - 0s 3ms/step - loss: 8.0590 - acc: 0.5000
Epoch 3/10
10/10 [==============================] - 0s 3ms/step - loss: 6.6285 - acc: 0.5000
Epoch 4/10
10/10 [==============================] - 0s 3ms/step - loss: 8.0590 - acc: 0.5000
Epoch 5/10
10/10 [==============================] - 0s 3ms/step - loss: 6.7541 - acc: 0.5000
Epoch 6/10
10/10 [==============================] - 0s 3ms/step - loss: 6.4463 - acc: 0.3000
Epoch 7/10
10/10 [==============================] - 0s 3ms/step - loss: 3.6452 - acc: 0.4000
Epoch 8/10
10/10 [==============================] - 0s 3ms/step - loss: 1.4461 - acc: 0.5000
Epoch 9/10
10/10 [==============================] - 0s 3ms/step - loss: 0.7911 - acc: 0.6000
Epoch 10/10
10/10 [==============================] - 0s 3ms/step - loss: 0.8329 - acc: 0.5000
10/10 [==============================] - 1s 77ms/step
('Testing Loss:', 0.5645214319229126)
('Testing Accuracy:', 0.5)
['NFI-01801018.png', 'NFI-01802018.png', 'NFI-01803018.png', 'NFI-01805018.png', 'NFI-01804018.png']
['NFI-00301018.png', 'NFI-00302018.png', 'NFI-00303018.png', 'NFI-00304018.png', 'NFI-00305018.png']
Epoch 1/10
10/10 [==============================] - 2s 217ms/step - loss: 1.3725 - acc: 0.3000
Epoch 2/10
10/10 [==============================] - 0s 3ms/step - loss: 1.5093 - acc: 0.7000
Epoch 3/10
10/10 [==============================] - 0s 3ms/step - loss: 5.6741 - acc: 0.3000
Epoch 4/10
10/10 [==============================] - 0s 3ms/step - loss: 1.8977 - acc: 0.5000
Epoch 5/10
10/10 [==============================] - 0s 3ms/step - loss: 1.4475 - acc: 0.7000
Epoch 6/10
10/10 [==============================] - 0s 2ms/step - loss: 0.8923 - acc: 0.5000
Epoch 7/10
10/10 [==============================] - 0s 2ms/step - loss: 0.6152 - acc: 0.7000
Epoch 8/10
10/10 [==============================] - 0s 2ms/step - loss: 0.4233 - acc: 0.7000
Epoch 9/10
10/10 [==============================] - 0s 3ms/step - loss: 0.2842 - acc: 0.9000
Epoch 10/10
10/10 [==============================] - 0s 2ms/step - loss: 0.1394 - acc: 0.9000
10/10 [==============================] - 1s 80ms/step
('Testing Loss:', 0.08079098165035248)
('Testing Accuracy:', 1.0)
['NFI-01901019.png', 'NFI-01902019.png', 'NFI-01903019.png', 'NFI-01905019.png', 'NFI-01904019.png']
['NFI-00101019.png', 'NFI-00102019.png', 'NFI-00103019.png', 'NFI-00104019.png', 'NFI-00105019.png']
Epoch 1/10
10/10 [==============================] - 2s 225ms/step - loss: 1.1564 - acc: 0.4000
Epoch 2/10
10/10 [==============================] - 0s 3ms/step - loss: 6.2531 - acc: 0.4000
Epoch 3/10
10/10 [==============================] - 0s 3ms/step - loss: 7.3623 - acc: 0.5000
Epoch 4/10
10/10 [==============================] - 0s 3ms/step - loss: 4.3206 - acc: 0.5000
Epoch 5/10
10/10 [==============================] - 0s 3ms/step - loss: 6.3844 - acc: 0.5000
Epoch 6/10
10/10 [==============================] - 0s 3ms/step - loss: 1.2714 - acc: 0.6000
Epoch 7/10
10/10 [==============================] - 0s 3ms/step - loss: 0.5647 - acc: 0.9000
Epoch 8/10
10/10 [==============================] - 0s 3ms/step - loss: 0.5850 - acc: 0.7000
Epoch 9/10
10/10 [==============================] - 0s 3ms/step - loss: 0.4378 - acc: 0.8000
Epoch 10/10
10/10 [==============================] - 0s 2ms/step - loss: 0.3034 - acc: 1.0000
10/10 [==============================] - 1s 87ms/step
('Testing Loss:', 0.09769808501005173)
('Testing Accuracy:', 1.0)
['NFI-02002020.png', 'NFI-02001020.png', 'NFI-02005020.png', 'NFI-02003020.png', 'NFI-02004020.png']
['NFI-01705020.png', 'NFI-01701020.png', 'NFI-01704020.png', 'NFI-01702020.png', 'NFI-01703020.png']
Epoch 1/10
10/10 [==============================] - 2s 229ms/step - loss: 1.1246 - acc: 0.2000
Epoch 2/10
10/10 [==============================] - 0s 3ms/step - loss: 1.0610 - acc: 0.6000
Epoch 3/10
10/10 [==============================] - 0s 3ms/step - loss: 3.1279 - acc: 0.4000
Epoch 4/10
10/10 [==============================] - 0s 2ms/step - loss: 1.3906 - acc: 0.5000
Epoch 5/10
10/10 [==============================] - 0s 3ms/step - loss: 0.8401 - acc: 0.7000
Epoch 6/10
10/10 [==============================] - 0s 2ms/step - loss: 0.7079 - acc: 0.5000
Epoch 7/10
10/10 [==============================] - 0s 3ms/step - loss: 0.6505 - acc: 0.7000
Epoch 8/10
10/10 [==============================] - 0s 3ms/step - loss: 0.5341 - acc: 0.7000
Epoch 9/10
10/10 [==============================] - 0s 3ms/step - loss: 0.4909 - acc: 1.0000
Epoch 10/10
10/10 [==============================] - 0s 3ms/step - loss: 0.2653 - acc: 1.0000
10/10 [==============================] - 1s 89ms/step
('Testing Loss:', 0.20162072777748108)
('Testing Accuracy:', 1.0)
['NFI-02102021.png', 'NFI-02101021.png', 'NFI-02103021.png', 'NFI-02104021.png', 'NFI-02105021.png']
['NFI-01204021.png', 'NFI-01205021.png', 'NFI-01203021.png', 'NFI-01201021.png', 'NFI-01202021.png']
Epoch 1/10
10/10 [==============================] - 2s 246ms/step - loss: 0.9070 - acc: 0.4000
Epoch 2/10
10/10 [==============================] - 0s 3ms/step - loss: 4.9438 - acc: 0.5000
Epoch 3/10
10/10 [==============================] - 0s 3ms/step - loss: 2.0375 - acc: 0.6000
Epoch 4/10
10/10 [==============================] - 0s 3ms/step - loss: 5.1240 - acc: 0.2000
Epoch 5/10
10/10 [==============================] - 0s 3ms/step - loss: 3.0997 - acc: 0.5000
Epoch 6/10
10/10 [==============================] - 0s 3ms/step - loss: 0.5810 - acc: 0.8000
Epoch 7/10
10/10 [==============================] - 0s 3ms/step - loss: 1.7376 - acc: 0.6000
Epoch 8/10
10/10 [==============================] - 0s 3ms/step - loss: 1.0412 - acc: 0.6000
Epoch 9/10
10/10 [==============================] - 0s 3ms/step - loss: 0.8698 - acc: 0.5000
Epoch 10/10
10/10 [==============================] - 0s 3ms/step - loss: 0.9173 - acc: 0.7000
10/10 [==============================] - 1s 94ms/step
('Testing Loss:', 0.8011289834976196)
('Testing Accuracy:', 0.5)
['NFI-02201022.png', 'NFI-02202022.png', 'NFI-02203022.png', 'NFI-02204022.png', 'NFI-02205022.png']
['NFI-00501022.png', 'NFI-00502022.png', 'NFI-00503022.png', 'NFI-00504022.png', 'NFI-00505022.png']
Epoch 1/10
10/10 [==============================] - 2s 207ms/step - loss: 1.1827 - acc: 0.3000
Epoch 2/10
10/10 [==============================] - 0s 3ms/step - loss: 2.1416 - acc: 0.6000
Epoch 3/10
10/10 [==============================] - 0s 3ms/step - loss: 1.2368 - acc: 0.4000
Epoch 4/10
10/10 [==============================] - 0s 3ms/step - loss: 0.8260 - acc: 0.6000
Epoch 5/10
10/10 [==============================] - 0s 3ms/step - loss: 1.0017 - acc: 0.5000
Epoch 6/10
10/10 [==============================] - 0s 3ms/step - loss: 0.6820 - acc: 0.6000
Epoch 7/10
10/10 [==============================] - 0s 3ms/step - loss: 1.2563 - acc: 0.3000
Epoch 8/10
10/10 [==============================] - 0s 3ms/step - loss: 0.8344 - acc: 0.4000
Epoch 9/10
10/10 [==============================] - 0s 3ms/step - loss: 0.7584 - acc: 0.7000
Epoch 10/10
10/10 [==============================] - 0s 3ms/step - loss: 0.6895 - acc: 0.8000
10/10 [==============================] - 1s 99ms/step
('Testing Loss:', 0.5030482411384583)
('Testing Accuracy:', 1.0)
['NFI-02301023.png', 'NFI-02302023.png', 'NFI-02303023.png', 'NFI-02304023.png', 'NFI-02305023.png']
['NFI-00701023.png', 'NFI-00702023.png', 'NFI-00703023.png', 'NFI-00704023.png', 'NFI-00705023.png']
Epoch 1/10
10/10 [==============================] - 3s 257ms/step - loss: 0.9738 - acc: 0.4000
Epoch 2/10
10/10 [==============================] - 0s 3ms/step - loss: 3.5352 - acc: 0.5000
Epoch 3/10
10/10 [==============================] - 0s 3ms/step - loss: 2.7610 - acc: 0.5000
Epoch 4/10
10/10 [==============================] - 0s 3ms/step - loss: 3.9494 - acc: 0.4000
Epoch 5/10
10/10 [==============================] - 0s 3ms/step - loss: 1.7135 - acc: 0.5000
Epoch 6/10
10/10 [==============================] - 0s 3ms/step - loss: 1.0330 - acc: 0.4000
Epoch 7/10
10/10 [==============================] - 0s 3ms/step - loss: 0.7743 - acc: 0.7000
Epoch 8/10
10/10 [==============================] - 0s 3ms/step - loss: 0.5417 - acc: 0.7000
Epoch 9/10
10/10 [==============================] - 0s 3ms/step - loss: 0.3194 - acc: 0.9000
Epoch 10/10
10/10 [==============================] - 0s 3ms/step - loss: 0.1222 - acc: 1.0000
10/10 [==============================] - 1s 102ms/step
('Testing Loss:', 0.13515722751617432)
('Testing Accuracy:', 1.0)
['NFI-02405024.png', 'NFI-02403024.png', 'NFI-02404024.png', 'NFI-02401024.png', 'NFI-02402024.png']
['NFI-00401024.png', 'NFI-00402024.png', 'NFI-00403024.png', 'NFI-00404024.png', 'NFI-00405024.png']
Epoch 1/10
10/10 [==============================] - 3s 267ms/step - loss: 1.3873 - acc: 0.1000
Epoch 2/10
10/10 [==============================] - 0s 3ms/step - loss: 3.8341 - acc: 0.5000
Epoch 3/10
10/10 [==============================] - 0s 3ms/step - loss: 5.2469 - acc: 0.5000
Epoch 4/10
10/10 [==============================] - 0s 3ms/step - loss: 1.3021 - acc: 0.5000
Epoch 5/10
10/10 [==============================] - 0s 3ms/step - loss: 0.8809 - acc: 0.6000
Epoch 6/10
10/10 [==============================] - 0s 3ms/step - loss: 0.7639 - acc: 0.7000
Epoch 7/10
10/10 [==============================] - 0s 3ms/step - loss: 0.2894 - acc: 0.9000
Epoch 8/10
10/10 [==============================] - 0s 3ms/step - loss: 0.1696 - acc: 0.9000
Epoch 9/10
10/10 [==============================] - 0s 3ms/step - loss: 0.2353 - acc: 0.9000
Epoch 10/10
10/10 [==============================] - 0s 3ms/step - loss: 0.2312 - acc: 0.9000
10/10 [==============================] - 1s 106ms/step
('Testing Loss:', 0.04702555760741234)
('Testing Accuracy:', 1.0)
['NFI-02503025.PNG', 'NFI-02501025.PNG', 'NFI-02504025.PNG', 'NFI-02502025.PNG', 'NFI-02505025.PNG']
['NFI-00101025.PNG', 'NFI-00102025.PNG', 'NFI-00103025.PNG', 'NFI-00104025.PNG', 'NFI-00105025.PNG']
Epoch 1/10
10/10 [==============================] - 3s 288ms/step - loss: 1.1635 - acc: 0.3000
Epoch 2/10
10/10 [==============================] - 0s 3ms/step - loss: 5.2874 - acc: 0.4000
Epoch 3/10
10/10 [==============================] - 0s 3ms/step - loss: 7.5727 - acc: 0.5000
Epoch 4/10
10/10 [==============================] - 0s 3ms/step - loss: 3.8909 - acc: 0.5000
Epoch 5/10
10/10 [==============================] - 0s 3ms/step - loss: 1.2779 - acc: 0.4000
Epoch 6/10
10/10 [==============================] - 0s 3ms/step - loss: 0.8682 - acc: 0.5000
Epoch 7/10
10/10 [==============================] - 0s 3ms/step - loss: 1.1354 - acc: 0.7000
Epoch 8/10
10/10 [==============================] - 0s 3ms/step - loss: 1.9966 - acc: 0.4000
Epoch 9/10
10/10 [==============================] - 0s 3ms/step - loss: 0.8149 - acc: 0.6000
Epoch 10/10
10/10 [==============================] - 0s 3ms/step - loss: 0.8327 - acc: 0.5000
10/10 [==============================] - 1s 115ms/step
('Testing Loss:', 0.7982244491577148)
('Testing Accuracy:', 0.5)
['NFI-02602026.PNG', 'NFI-02601026.PNG', 'NFI-02603026.PNG', 'NFI-02604026.PNG', 'NFI-02605026.PNG']
['NFI-00101026.PNG', 'NFI-00103026.PNG', 'NFI-00102026.PNG', 'NFI-00104026.PNG', 'NFI-00105026.PNG']
Epoch 1/10
10/10 [==============================] - 3s 284ms/step - loss: 1.3690 - acc: 0.0000e+00
Epoch 2/10
10/10 [==============================] - 0s 3ms/step - loss: 6.3092 - acc: 0.5000
Epoch 3/10
10/10 [==============================] - 0s 3ms/step - loss: 5.0667 - acc: 0.6000
Epoch 4/10
10/10 [==============================] - 0s 3ms/step - loss: 0.6415 - acc: 0.8000
Epoch 5/10
10/10 [==============================] - 0s 3ms/step - loss: 1.7885 - acc: 0.3000
Epoch 6/10
10/10 [==============================] - 0s 3ms/step - loss: 0.9262 - acc: 0.4000
Epoch 7/10
10/10 [==============================] - 0s 3ms/step - loss: 0.8621 - acc: 0.4000
Epoch 8/10
10/10 [==============================] - 0s 3ms/step - loss: 1.0081 - acc: 0.4000
Epoch 9/10
10/10 [==============================] - 0s 3ms/step - loss: 0.9234 - acc: 0.4000
Epoch 10/10
10/10 [==============================] - 0s 3ms/step - loss: 0.7150 - acc: 0.6000
10/10 [==============================] - 1s 113ms/step
('Testing Loss:', 0.6149371862411499)
('Testing Accuracy:', 1.0)
['NFI-02704027.PNG', 'NFI-02702027.PNG', 'NFI-02701027.PNG', 'NFI-02703027.PNG', 'NFI-02705027.PNG']
['NFI-00101027.PNG', 'NFI-00102027.PNG', 'NFI-00103027.PNG', 'NFI-00104027.PNG', 'NFI-00105027.PNG']
Epoch 1/10
10/10 [==============================] - 3s 291ms/step - loss: 0.9522 - acc: 0.5000
Epoch 2/10
10/10 [==============================] - 0s 3ms/step - loss: 4.7839 - acc: 0.6000
Epoch 3/10
10/10 [==============================] - 0s 3ms/step - loss: 7.1501 - acc: 0.5000
Epoch 4/10
10/10 [==============================] - 0s 3ms/step - loss: 2.6870 - acc: 0.6000
Epoch 5/10
10/10 [==============================] - 0s 3ms/step - loss: 2.1662 - acc: 0.6000
Epoch 6/10
10/10 [==============================] - 0s 3ms/step - loss: 1.0222 - acc: 0.5000
Epoch 7/10
10/10 [==============================] - 0s 3ms/step - loss: 0.9259 - acc: 0.4000
Epoch 8/10
10/10 [==============================] - 0s 3ms/step - loss: 0.9933 - acc: 0.7000
Epoch 9/10
10/10 [==============================] - 0s 3ms/step - loss: 0.7685 - acc: 0.4000
Epoch 10/10
10/10 [==============================] - 0s 3ms/step - loss: 0.9388 - acc: 0.9000
10/10 [==============================] - 1s 118ms/step
('Testing Loss:', 1.085321068763733)
('Testing Accuracy:', 0.5)
['NFI-02801028.PNG', 'NFI-02804028.PNG', 'NFI-02802028.PNG', 'NFI-02805028.PNG', 'NFI-02803028.PNG']
['NFI-00101028.PNG', 'NFI-00102028.PNG', 'NFI-00103028.PNG', 'NFI-00104028.PNG', 'NFI-00105028.PNG']
Epoch 1/10
10/10 [==============================] - 3s 300ms/step - loss: 1.3437 - acc: 0.2000
Epoch 2/10
10/10 [==============================] - 0s 3ms/step - loss: 3.9005 - acc: 0.6000
Epoch 3/10
10/10 [==============================] - 0s 3ms/step - loss: 6.8583 - acc: 0.5000
Epoch 4/10
10/10 [==============================] - 0s 3ms/step - loss: 1.2190 - acc: 0.6000
Epoch 5/10
10/10 [==============================] - 0s 3ms/step - loss: 2.8138 - acc: 0.6000
Epoch 6/10
10/10 [==============================] - 0s 3ms/step - loss: 1.7650 - acc: 0.5000
Epoch 7/10
10/10 [==============================] - 0s 3ms/step - loss: 1.2308 - acc: 0.5000
Epoch 8/10
10/10 [==============================] - 0s 3ms/step - loss: 0.6848 - acc: 0.8000
Epoch 9/10
10/10 [==============================] - 0s 3ms/step - loss: 0.7386 - acc: 0.5000
Epoch 10/10
10/10 [==============================] - 0s 3ms/step - loss: 1.6575 - acc: 0.5000
10/10 [==============================] - 1s 121ms/step
('Testing Loss:', 0.8571659326553345)
('Testing Accuracy:', 0.5)
['NFI-02901029.PNG', 'NFI-02905029.PNG', 'NFI-02902029.PNG', 'NFI-02903029.PNG', 'NFI-02904029.PNG']
['NFI-00101029.PNG', 'NFI-00102029.PNG', 'NFI-00103029.PNG', 'NFI-00104029.PNG', 'NFI-00105029.PNG']
Epoch 1/10
10/10 [==============================] - 4s 360ms/step - loss: 1.2477 - acc: 0.1000
Epoch 2/10
10/10 [==============================] - 0s 3ms/step - loss: 2.8929 - acc: 0.4000
Epoch 3/10
10/10 [==============================] - 0s 3ms/step - loss: 5.8438 - acc: 0.5000
Epoch 4/10
10/10 [==============================] - 0s 3ms/step - loss: 0.9950 - acc: 0.6000
Epoch 5/10
10/10 [==============================] - 0s 3ms/step - loss: 0.4666 - acc: 0.8000
Epoch 6/10
10/10 [==============================] - 0s 3ms/step - loss: 0.7946 - acc: 0.7000
Epoch 7/10
10/10 [==============================] - 0s 3ms/step - loss: 0.3863 - acc: 0.8000
Epoch 8/10
10/10 [==============================] - 0s 3ms/step - loss: 0.8766 - acc: 0.6000
Epoch 9/10
10/10 [==============================] - 0s 3ms/step - loss: 0.9407 - acc: 0.5000
Epoch 10/10
10/10 [==============================] - 0s 3ms/step - loss: 0.7430 - acc: 1.0000
10/10 [==============================] - 1s 129ms/step
('Testing Loss:', 0.40093690156936646)
('Testing Accuracy:', 1.0)
